2026-05-08T10:30:07.529+07:00  INFO 9676 --- [belajar-spring] [main] c.s.b.integration.OrderIntegrationTest   : Starting OrderIntegrationTest using Java 17.0.18 with PID 9676 (started by IT in C:\Users\IT\IdeaProjects\belajar-spring)
2026-05-08T10:30:07.555+07:00 DEBUG 9676 --- [belajar-spring] [main] c.s.b.integration.OrderIntegrationTest   : Running with Spring Boot v3.5.13, Spring v6.2.17
2026-05-08T10:30:07.558+07:00  INFO 9676 --- [belajar-spring] [main] c.s.b.integration.OrderIntegrationTest   : The following 1 profile is active: "test"
2026-05-08T10:30:14.855+07:00  INFO 9676 --- [belajar-spring] [main] .s.d.r.c.RepositoryConfigurationDelegate : Bootstrapping Spring Data JPA repositories in DEFAULT mode.
2026-05-08T10:30:15.046+07:00  INFO 9676 --- [belajar-spring] [main] .s.d.r.c.RepositoryConfigurationDelegate : Finished Spring Data repository scanning in 159 ms. Found 3 JPA repository interfaces.
2026-05-08T10:30:17.455+07:00  INFO 9676 --- [belajar-spring] [main] o.hibernate.jpa.internal.util.LogHelper  : HHH000204: Processing PersistenceUnitInfo [name: default]
2026-05-08T10:30:17.702+07:00  INFO 9676 --- [belajar-spring] [main] org.hibernate.Version                    : HHH000412: Hibernate ORM core version 6.6.45.Final
2026-05-08T10:30:17.815+07:00  INFO 9676 --- [belajar-spring] [main] o.h.c.internal.RegionFactoryInitiator    : HHH000026: Second-level cache disabled
2026-05-08T10:30:19.240+07:00  INFO 9676 --- [belajar-spring] [main] o.s.o.j.p.SpringPersistenceUnitInfo      : No LoadTimeWeaver setup: ignoring JPA class transformer
2026-05-08T10:30:19.457+07:00  INFO 9676 --- [belajar-spring] [main] com.zaxxer.hikari.HikariDataSource       : HikariPool-1 - Starting...
2026-05-08T10:30:20.420+07:00  INFO 9676 --- [belajar-spring] [main] com.zaxxer.hikari.pool.HikariPool        : HikariPool-1 - Added connection conn0: url=jdbc:h2:mem:testdb user=SA
2026-05-08T10:30:20.426+07:00  INFO 9676 --- [belajar-spring] [main] com.zaxxer.hikari.HikariDataSource       : HikariPool-1 - Start completed.
2026-05-08T10:30:20.576+07:00  WARN 9676 --- [belajar-spring] [main] org.hibernate.orm.deprecation            : HHH90000025: H2Dialect does not need to be specified explicitly using 'hibernate.dialect' (remove the property setting and it will be selected by default)
2026-05-08T10:30:20.659+07:00  INFO 9676 --- [belajar-spring] [main] org.hibernate.orm.connections.pooling    : HHH10001005: Database info:
	Database JDBC URL [Connecting through datasource 'HikariDataSource (HikariPool-1)']
	Database driver: undefined/unknown
	Database version: 2.3.232
	Autocommit mode: undefined/unknown
	Isolation level: undefined/unknown
	Minimum pool size: undefined/unknown
	Maximum pool size: undefined/unknown
2026-05-08T10:30:24.145+07:00  INFO 9676 --- [belajar-spring] [main] o.h.e.t.j.p.i.JtaPlatformInitiator       : HHH000489: No JTA platform available (set 'hibernate.transaction.jta.platform' to enable JTA platform integration)
2026-05-08T10:30:24.309+07:00  INFO 9676 --- [belajar-spring] [main] j.LocalContainerEntityManagerFactoryBean : Initialized JPA EntityManagerFactory for persistence unit 'default'
2026-05-08T10:30:25.449+07:00  INFO 9676 --- [belajar-spring] [main] o.s.d.j.r.query.QueryEnhancerFactory     : Hibernate is in classpath; If applicable, HQL parser will be used.
2026-05-08T10:30:29.016+07:00  WARN 9676 --- [belajar-spring] [main] JpaBaseConfiguration$JpaWebConfiguration : spring.jpa.open-in-view is enabled by default. Therefore, database queries may be performed during view rendering. Explicitly configure spring.jpa.open-in-view to disable this warning
2026-05-08T10:30:29.128+07:00  WARN 9676 --- [belajar-spring] [main] .s.s.UserDetailsServiceAutoConfiguration : 

Using generated security password: ab6be733-6f48-4079-8fdf-41a63fc519a6

This generated password is for development use only. Your security configuration must be updated before running your application in production.

2026-05-08T10:30:29.151+07:00  INFO 9676 --- [belajar-spring] [main] r$InitializeUserDetailsManagerConfigurer : Global AuthenticationManager configured with UserDetailsService bean with name inMemoryUserDetailsManager
2026-05-08T10:30:31.633+07:00  INFO 9676 --- [belajar-spring] [main] o.s.b.a.h2.H2ConsoleAutoConfiguration    : H2 console available at '/h2-console'. Database available at 'jdbc:h2:mem:testdb'
2026-05-08T10:30:31.934+07:00 DEBUG 9676 --- [belajar-spring] [main] c.sammy.belajar_spring.config.JwtFilter  : Filter 'jwtFilter' configured for use
2026-05-08T10:30:31.937+07:00  INFO 9676 --- [belajar-spring] [main] o.s.b.t.m.w.SpringBootMockServletContext : Initializing Spring TestDispatcherServlet ''
2026-05-08T10:30:31.938+07:00  INFO 9676 --- [belajar-spring] [main] o.s.t.web.servlet.TestDispatcherServlet  : Initializing Servlet ''
2026-05-08T10:30:31.943+07:00  INFO 9676 --- [belajar-spring] [main] o.s.t.web.servlet.TestDispatcherServlet  : Completed initialization in 4 ms
2026-05-08T10:30:32.085+07:00  INFO 9676 --- [belajar-spring] [main] c.s.b.integration.OrderIntegrationTest   : Started OrderIntegrationTest in 26.815 seconds (process running for 33.957)
2026-05-08T10:30:36.171+07:00  INFO 9676 --- [belajar-spring] [SpringApplicationShutdownHook] j.LocalContainerEntityManagerFactoryBean : Closing JPA EntityManagerFactory for persistence unit 'default'
2026-05-08T10:30:36.200+07:00  INFO 9676 --- [belajar-spring] [SpringApplicationShutdownHook] com.zaxxer.hikari.HikariDataSource       : HikariPool-1 - Shutdown initiated...
2026-05-08T10:30:36.205+07:00  INFO 9676 --- [belajar-spring] [SpringApplicationShutdownHook] com.zaxxer.hikari.HikariDataSource       : HikariPool-1 - Shutdown completed.
2026-05-08T10:41:07.476+07:00  INFO 16476 --- [belajar-spring] [main] c.s.b.integration.OrderIntegrationTest   : Starting OrderIntegrationTest using Java 17.0.18 with PID 16476 (started by IT in C:\Users\IT\IdeaProjects\belajar-spring)
2026-05-08T10:41:07.492+07:00 DEBUG 16476 --- [belajar-spring] [main] c.s.b.integration.OrderIntegrationTest   : Running with Spring Boot v3.5.13, Spring v6.2.17
2026-05-08T10:41:07.493+07:00  INFO 16476 --- [belajar-spring] [main] c.s.b.integration.OrderIntegrationTest   : The following 1 profile is active: "test"
2026-05-08T10:41:11.315+07:00  INFO 16476 --- [belajar-spring] [main] .s.d.r.c.RepositoryConfigurationDelegate : Bootstrapping Spring Data JPA repositories in DEFAULT mode.
2026-05-08T10:41:11.459+07:00  INFO 16476 --- [belajar-spring] [main] .s.d.r.c.RepositoryConfigurationDelegate : Finished Spring Data repository scanning in 122 ms. Found 3 JPA repository interfaces.
2026-05-08T10:41:13.136+07:00  INFO 16476 --- [belajar-spring] [main] o.hibernate.jpa.internal.util.LogHelper  : HHH000204: Processing PersistenceUnitInfo [name: default]
2026-05-08T10:41:13.348+07:00  INFO 16476 --- [belajar-spring] [main] org.hibernate.Version                    : HHH000412: Hibernate ORM core version 6.6.45.Final
2026-05-08T10:41:13.436+07:00  INFO 16476 --- [belajar-spring] [main] o.h.c.internal.RegionFactoryInitiator    : HHH000026: Second-level cache disabled
2026-05-08T10:41:14.379+07:00  INFO 16476 --- [belajar-spring] [main] o.s.o.j.p.SpringPersistenceUnitInfo      : No LoadTimeWeaver setup: ignoring JPA class transformer
2026-05-08T10:41:14.527+07:00  INFO 16476 --- [belajar-spring] [main] com.zaxxer.hikari.HikariDataSource       : HikariPool-1 - Starting...
2026-05-08T10:41:15.268+07:00  INFO 16476 --- [belajar-spring] [main] com.zaxxer.hikari.pool.HikariPool        : HikariPool-1 - Added connection conn0: url=jdbc:h2:mem:testdb user=SA
2026-05-08T10:41:15.272+07:00  INFO 16476 --- [belajar-spring] [main] com.zaxxer.hikari.HikariDataSource       : HikariPool-1 - Start completed.
2026-05-08T10:41:15.389+07:00  WARN 16476 --- [belajar-spring] [main] org.hibernate.orm.deprecation            : HHH90000025: H2Dialect does not need to be specified explicitly using 'hibernate.dialect' (remove the property setting and it will be selected by default)
2026-05-08T10:41:15.449+07:00  INFO 16476 --- [belajar-spring] [main] org.hibernate.orm.connections.pooling    : HHH10001005: Database info:
	Database JDBC URL [Connecting through datasource 'HikariDataSource (HikariPool-1)']
	Database driver: undefined/unknown
	Database version: 2.3.232
	Autocommit mode: undefined/unknown
	Isolation level: undefined/unknown
	Minimum pool size: undefined/unknown
	Maximum pool size: undefined/unknown
2026-05-08T10:41:17.771+07:00  INFO 16476 --- [belajar-spring] [main] o.h.e.t.j.p.i.JtaPlatformInitiator       : HHH000489: No JTA platform available (set 'hibernate.transaction.jta.platform' to enable JTA platform integration)
2026-05-08T10:41:17.878+07:00  INFO 16476 --- [belajar-spring] [main] j.LocalContainerEntityManagerFactoryBean : Initialized JPA EntityManagerFactory for persistence unit 'default'
2026-05-08T10:41:18.809+07:00  INFO 16476 --- [belajar-spring] [main] o.s.d.j.r.query.QueryEnhancerFactory     : Hibernate is in classpath; If applicable, HQL parser will be used.
2026-05-08T10:41:20.523+07:00  WARN 16476 --- [belajar-spring] [main] JpaBaseConfiguration$JpaWebConfiguration : spring.jpa.open-in-view is enabled by default. Therefore, database queries may be performed during view rendering. Explicitly configure spring.jpa.open-in-view to disable this warning
2026-05-08T10:41:20.601+07:00  WARN 16476 --- [belajar-spring] [main] .s.s.UserDetailsServiceAutoConfiguration : 

Using generated security password: 00422efa-8141-4af2-a2b5-91cccb2dab92

This generated password is for development use only. Your security configuration must be updated before running your application in production.

2026-05-08T10:41:20.617+07:00  INFO 16476 --- [belajar-spring] [main] r$InitializeUserDetailsManagerConfigurer : Global AuthenticationManager configured with UserDetailsService bean with name inMemoryUserDetailsManager
2026-05-08T10:41:22.768+07:00  INFO 16476 --- [belajar-spring] [main] o.s.b.a.h2.H2ConsoleAutoConfiguration    : H2 console available at '/h2-console'. Database available at 'jdbc:h2:mem:testdb'
2026-05-08T10:41:23.031+07:00  INFO 16476 --- [belajar-spring] [main] o.s.b.t.m.w.SpringBootMockServletContext : Initializing Spring TestDispatcherServlet ''
2026-05-08T10:41:23.032+07:00  INFO 16476 --- [belajar-spring] [main] o.s.t.web.servlet.TestDispatcherServlet  : Initializing Servlet ''
2026-05-08T10:41:23.035+07:00  INFO 16476 --- [belajar-spring] [main] o.s.t.web.servlet.TestDispatcherServlet  : Completed initialization in 2 ms
2026-05-08T10:41:23.128+07:00  INFO 16476 --- [belajar-spring] [main] c.s.b.integration.OrderIntegrationTest   : Started OrderIntegrationTest in 17.278 seconds (process running for 21.928)
2026-05-08T10:41:25.744+07:00  INFO 16476 --- [belajar-spring] [SpringApplicationShutdownHook] j.LocalContainerEntityManagerFactoryBean : Closing JPA EntityManagerFactory for persistence unit 'default'
2026-05-08T10:41:25.755+07:00  INFO 16476 --- [belajar-spring] [SpringApplicationShutdownHook] com.zaxxer.hikari.HikariDataSource       : HikariPool-1 - Shutdown initiated...
2026-05-08T10:41:25.761+07:00  INFO 16476 --- [belajar-spring] [SpringApplicationShutdownHook] com.zaxxer.hikari.HikariDataSource       : HikariPool-1 - Shutdown completed.
2026-05-08T10:51:43.607+07:00  INFO 4756 --- [belajar-spring] [main] c.s.b.integration.OrderIntegrationTest   : Starting OrderIntegrationTest using Java 17.0.18 with PID 4756 (started by IT in C:\Users\IT\IdeaProjects\belajar-spring)
2026-05-08T10:51:43.618+07:00 DEBUG 4756 --- [belajar-spring] [main] c.s.b.integration.OrderIntegrationTest   : Running with Spring Boot v3.5.13, Spring v6.2.17
2026-05-08T10:51:43.620+07:00  INFO 4756 --- [belajar-spring] [main] c.s.b.integration.OrderIntegrationTest   : The following 1 profile is active: "test"
2026-05-08T10:51:45.482+07:00  INFO 4756 --- [belajar-spring] [main] .s.d.r.c.RepositoryConfigurationDelegate : Bootstrapping Spring Data JPA repositories in DEFAULT mode.
2026-05-08T10:51:45.625+07:00  INFO 4756 --- [belajar-spring] [main] .s.d.r.c.RepositoryConfigurationDelegate : Finished Spring Data repository scanning in 120 ms. Found 3 JPA repository interfaces.
2026-05-08T10:51:46.689+07:00  INFO 4756 --- [belajar-spring] [main] o.hibernate.jpa.internal.util.LogHelper  : HHH000204: Processing PersistenceUnitInfo [name: default]
2026-05-08T10:51:46.809+07:00  INFO 4756 --- [belajar-spring] [main] org.hibernate.Version                    : HHH000412: Hibernate ORM core version 6.6.45.Final
2026-05-08T10:51:46.927+07:00  INFO 4756 --- [belajar-spring] [main] o.h.c.internal.RegionFactoryInitiator    : HHH000026: Second-level cache disabled
2026-05-08T10:51:47.784+07:00  INFO 4756 --- [belajar-spring] [main] o.s.o.j.p.SpringPersistenceUnitInfo      : No LoadTimeWeaver setup: ignoring JPA class transformer
2026-05-08T10:51:47.853+07:00  INFO 4756 --- [belajar-spring] [main] com.zaxxer.hikari.HikariDataSource       : HikariPool-1 - Starting...
2026-05-08T10:51:48.225+07:00  INFO 4756 --- [belajar-spring] [main] com.zaxxer.hikari.pool.HikariPool        : HikariPool-1 - Added connection conn0: url=jdbc:h2:mem:testdb user=SA
2026-05-08T10:51:48.229+07:00  INFO 4756 --- [belajar-spring] [main] com.zaxxer.hikari.HikariDataSource       : HikariPool-1 - Start completed.
2026-05-08T10:51:48.281+07:00  WARN 4756 --- [belajar-spring] [main] org.hibernate.orm.deprecation            : HHH90000025: H2Dialect does not need to be specified explicitly using 'hibernate.dialect' (remove the property setting and it will be selected by default)
2026-05-08T10:51:48.322+07:00  INFO 4756 --- [belajar-spring] [main] org.hibernate.orm.connections.pooling    : HHH10001005: Database info:
	Database JDBC URL [Connecting through datasource 'HikariDataSource (HikariPool-1)']
	Database driver: undefined/unknown
	Database version: 2.3.232
	Autocommit mode: undefined/unknown
	Isolation level: undefined/unknown
	Minimum pool size: undefined/unknown
	Maximum pool size: undefined/unknown
2026-05-08T10:51:49.889+07:00  INFO 4756 --- [belajar-spring] [main] o.h.e.t.j.p.i.JtaPlatformInitiator       : HHH000489: No JTA platform available (set 'hibernate.transaction.jta.platform' to enable JTA platform integration)
2026-05-08T10:51:49.975+07:00  INFO 4756 --- [belajar-spring] [main] j.LocalContainerEntityManagerFactoryBean : Initialized JPA EntityManagerFactory for persistence unit 'default'
2026-05-08T10:51:50.794+07:00  INFO 4756 --- [belajar-spring] [main] o.s.d.j.r.query.QueryEnhancerFactory     : Hibernate is in classpath; If applicable, HQL parser will be used.
2026-05-08T10:51:52.325+07:00  WARN 4756 --- [belajar-spring] [main] JpaBaseConfiguration$JpaWebConfiguration : spring.jpa.open-in-view is enabled by default. Therefore, database queries may be performed during view rendering. Explicitly configure spring.jpa.open-in-view to disable this warning
2026-05-08T10:51:52.382+07:00  WARN 4756 --- [belajar-spring] [main] .s.s.UserDetailsServiceAutoConfiguration : 

Using generated security password: b5e5251c-3936-4c0c-b97c-b0af0ba21f68

This generated password is for development use only. Your security configuration must be updated before running your application in production.

2026-05-08T10:51:52.397+07:00  INFO 4756 --- [belajar-spring] [main] r$InitializeUserDetailsManagerConfigurer : Global AuthenticationManager configured with UserDetailsService bean with name inMemoryUserDetailsManager
2026-05-08T10:51:53.606+07:00  INFO 4756 --- [belajar-spring] [main] o.s.b.a.h2.H2ConsoleAutoConfiguration    : H2 console available at '/h2-console'. Database available at 'jdbc:h2:mem:testdb'
2026-05-08T10:51:53.794+07:00  INFO 4756 --- [belajar-spring] [main] o.s.b.t.m.w.SpringBootMockServletContext : Initializing Spring TestDispatcherServlet ''
2026-05-08T10:51:53.795+07:00  INFO 4756 --- [belajar-spring] [main] o.s.t.web.servlet.TestDispatcherServlet  : Initializing Servlet ''
2026-05-08T10:51:53.797+07:00  INFO 4756 --- [belajar-spring] [main] o.s.t.web.servlet.TestDispatcherServlet  : Completed initialization in 2 ms
2026-05-08T10:51:53.919+07:00  INFO 4756 --- [belajar-spring] [main] c.s.b.integration.OrderIntegrationTest   : Started OrderIntegrationTest in 11.085 seconds (process running for 13.168)
2026-05-08T10:51:57.106+07:00  INFO 4756 --- [belajar-spring] [SpringApplicationShutdownHook] j.LocalContainerEntityManagerFactoryBean : Closing JPA EntityManagerFactory for persistence unit 'default'
2026-05-08T10:51:57.117+07:00  INFO 4756 --- [belajar-spring] [SpringApplicationShutdownHook] com.zaxxer.hikari.HikariDataSource       : HikariPool-1 - Shutdown initiated...
2026-05-08T10:51:57.121+07:00  INFO 4756 --- [belajar-spring] [SpringApplicationShutdownHook] com.zaxxer.hikari.HikariDataSource       : HikariPool-1 - Shutdown completed.
